
<dict>
	cocos2d.x.version: 2.2.1
	cocos2d.x.compiled_with_profiler: false
	cocos2d.x.compiled_with_gl_state_cache: true
	gl.vendor: NVIDIA Corporation
	gl.renderer: GeForce GT 520/PCI/SSE2
	gl.version: 4.1.0
	gl.max_texture_size: 16384
	gl.max_texture_units: 160
	gl.supports_PVRTC: false
	gl.supports_NPOT: true
	gl.supports_BGRA8888: false
	gl.supports_discard_framebuffer: false
	gl.supports_vertex_array_object: true
</dict>
lua_loadChunksFromZIP() - load zip file: F:\add_ccs_support\lib\framework_precompiled\framework_precompiled.zip
lua_loadChunksFromZIP() - loaded chunks count: 59
------------------------------------------------
LOAD LUA FILE: F:/game00/game01/scripts/main.lua
------------------------------------------------
[0.1910] [INFO] 
[0.1914] [INFO] # DEBUG                        = 2
[0.1916] [INFO] #
[0.1925] [INFO] # device.platform              = windows
[0.1932] [INFO] # device.model                 = unknown
[0.2019] [INFO] # device.language              = cn
[0.2031] [INFO] # device.writablePath          = F:\game00\game01\
[0.2042] [INFO] # device.cachePath             = F:\game00\game01\
[0.2053] [INFO] # device.directorySeparator    = \
[0.2080] [INFO] # device.pathSeparator         = ;
[0.2091] [INFO] #
[0.2126] [INFO] # CONFIG_SCREEN_AUTOSCALE      = FIXED_WIDTH
[0.2137] [INFO] # CONFIG_SCREEN_WIDTH          = 640.00
[0.2148] [INFO] # CONFIG_SCREEN_HEIGHT         = 960.00
[0.2158] [INFO] # display.widthInPixels        = 640.00
[0.2171] [INFO] # display.heightInPixels       = 960.00
[0.2182] [INFO] # display.contentScaleFactor   = 1.00
[0.2193] [INFO] # display.width                = 640.00
[0.2204] [INFO] # display.height               = 960.00
[0.2216] [INFO] # display.cx                   = 320.00
[0.2227] [INFO] # display.cy                   = 480.00
[0.2250] [INFO] # display.left                 = 0.00
[0.2267] [INFO] # display.right                = 640.00
[0.2323] [INFO] # display.top                  = 960.00
[0.2337] [INFO] # display.bottom               = 0.00
[0.2344] [INFO] # display.c_left               = -320.00
[0.2350] [INFO] # display.c_right              = 320.00
[0.2372] [INFO] # display.c_top                = 480.00
[0.2390] [INFO] # display.c_bottom             = -480.00
[0.2429] [INFO] #
iversion 1100
cocos2d: padding: 0,0,0,0
cocos2d: padding: 0,0,0,0
cocos2d: padding: 0,0,0,0
cocos2d: padding: 0,0,0,0
file name == [DemoLogin/DemoLogin.json]
filename == DemoLogin.json
[0.5008] =============mvc startup============
[0.5158] [INFO] Scene "MainScene:onEnter()"
[9.3328] login
[9.4549] login
[9.8241] login
[10.0417] login
[10.1980] login
[10.3473] login
[10.5185] [INFO] LUA VM MEMORY USED: 1580.54 KB
[20.5208] [INFO] LUA VM MEMORY USED: 1580.66 KB
[30.5209] [INFO] LUA VM MEMORY USED: 1580.76 KB
[40.5237] [INFO] LUA VM MEMORY USED: 1580.86 KB
[50.5313] [INFO] LUA VM MEMORY USED: 1580.96 KB
[60.5415] [INFO] LUA VM MEMORY USED: 1581.06 KB
[70.5456] [INFO] LUA VM MEMORY USED: 1581.16 KB
[80.5477] [INFO] LUA VM MEMORY USED: 1581.26 KB
[90.5612] [INFO] LUA VM MEMORY USED: 1581.35 KB
[100.5635] [INFO] LUA VM MEMORY USED: 1581.45 KB
[110.5664] [INFO] LUA VM MEMORY USED: 1581.55 KB
[120.5724] [INFO] LUA VM MEMORY USED: 1581.65 KB
[130.5764] [INFO] LUA VM MEMORY USED: 1581.75 KB
[140.5786] [INFO] LUA VM MEMORY USED: 1581.85 KB
[150.5908] [INFO] LUA VM MEMORY USED: 1581.95 KB
[160.6062] [INFO] LUA VM MEMORY USED: 1582.04 KB
[170.6117] [INFO] LUA VM MEMORY USED: 1582.14 KB
[180.6192] [INFO] LUA VM MEMORY USED: 1582.24 KB
[190.6328] [INFO] LUA VM MEMORY USED: 1582.34 KB
[200.6350] [INFO] LUA VM MEMORY USED: 1582.44 KB
[210.6492] [INFO] LUA VM MEMORY USED: 1582.54 KB
[220.6502] [INFO] LUA VM MEMORY USED: 1582.64 KB
[230.6530] [INFO] LUA VM MEMORY USED: 1582.74 KB
[240.6624] [INFO] LUA VM MEMORY USED: 1582.83 KB
[250.6731] [INFO] LUA VM MEMORY USED: 1582.93 KB
[260.6836] [INFO] LUA VM MEMORY USED: 1583.03 KB
[270.6850] [INFO] LUA VM MEMORY USED: 1583.13 KB
[280.6878] [INFO] LUA VM MEMORY USED: 1583.23 KB
[290.7012] [INFO] LUA VM MEMORY USED: 1583.33 KB
[300.7054] [INFO] LUA VM MEMORY USED: 1583.43 KB
[310.7086] [INFO] LUA VM MEMORY USED: 1583.52 KB
[320.7210] [INFO] LUA VM MEMORY USED: 1583.62 KB
[330.7250] [INFO] LUA VM MEMORY USED: 1583.72 KB
[340.7319] [INFO] LUA VM MEMORY USED: 1583.82 KB
[350.7447] [INFO] LUA VM MEMORY USED: 1583.92 KB
[360.7470] [INFO] LUA VM MEMORY USED: 1584.02 KB
[370.7554] [INFO] LUA VM MEMORY USED: 1584.12 KB
[380.7643] [INFO] LUA VM MEMORY USED: 1584.21 KB
[390.7706] [INFO] LUA VM MEMORY USED: 1584.31 KB
[400.7731] [INFO] LUA VM MEMORY USED: 1584.41 KB
[410.7874] [INFO] LUA VM MEMORY USED: 1584.51 KB
[420.7901] [INFO] LUA VM MEMORY USED: 1584.61 KB
[430.7969] [INFO] LUA VM MEMORY USED: 1584.71 KB
[440.8029] [INFO] LUA VM MEMORY USED: 1584.81 KB
[450.8121] [INFO] LUA VM MEMORY USED: 1584.91 KB
[460.8129] [INFO] LUA VM MEMORY USED: 1585.00 KB
[470.8221] [INFO] LUA VM MEMORY USED: 1585.10 KB
[480.8353] [INFO] LUA VM MEMORY USED: 1585.20 KB
[490.8393] [INFO] LUA VM MEMORY USED: 1585.30 KB
[500.8489] [INFO] LUA VM MEMORY USED: 1585.40 KB
[510.8562] [INFO] LUA VM MEMORY USED: 1585.50 KB
[520.8583] [INFO] LUA VM MEMORY USED: 1585.60 KB
[530.8665] [INFO] LUA VM MEMORY USED: 1585.69 KB
[540.8716] [INFO] LUA VM MEMORY USED: 1585.79 KB
[550.8798] [INFO] LUA VM MEMORY USED: 1585.89 KB
[560.8901] [INFO] LUA VM MEMORY USED: 1585.99 KB
[570.8932] [INFO] LUA VM MEMORY USED: 1586.09 KB
[580.9031] [INFO] LUA VM MEMORY USED: 1586.19 KB
[590.9053] [INFO] LUA VM MEMORY USED: 1586.29 KB
[600.9146] [INFO] LUA VM MEMORY USED: 1586.38 KB
[610.9232] [INFO] LUA VM MEMORY USED: 1586.48 KB
[620.9387] [INFO] LUA VM MEMORY USED: 1586.58 KB
[630.9460] [INFO] LUA VM MEMORY USED: 1586.68 KB
[640.9506] [INFO] LUA VM MEMORY USED: 1586.78 KB
[650.9511] [INFO] LUA VM MEMORY USED: 1586.88 KB
[660.9609] [INFO] LUA VM MEMORY USED: 1586.98 KB
[670.9611] [INFO] LUA VM MEMORY USED: 1587.08 KB
[680.9655] [INFO] LUA VM MEMORY USED: 1587.17 KB
[690.9786] [INFO] LUA VM MEMORY USED: 1587.27 KB
[700.9920] [INFO] LUA VM MEMORY USED: 1587.37 KB
[710.9948] [INFO] LUA VM MEMORY USED: 1587.47 KB
[721.0020] [INFO] LUA VM MEMORY USED: 1587.57 KB
[731.0039] [INFO] LUA VM MEMORY USED: 1587.67 KB
[741.0183] [INFO] LUA VM MEMORY USED: 1587.77 KB
[751.0226] [INFO] LUA VM MEMORY USED: 1587.86 KB
[761.0394] [INFO] LUA VM MEMORY USED: 1587.96 KB
[771.0431] [INFO] LUA VM MEMORY USED: 1588.06 KB
[781.0474] [INFO] LUA VM MEMORY USED: 1588.16 KB
[791.0481] [INFO] LUA VM MEMORY USED: 1588.26 KB
[801.0620] [INFO] LUA VM MEMORY USED: 1588.36 KB
[811.0712] [INFO] LUA VM MEMORY USED: 1588.46 KB
[821.0863] [INFO] LUA VM MEMORY USED: 1588.55 KB
[831.0914] [INFO] LUA VM MEMORY USED: 1588.65 KB
[841.0969] [INFO] LUA VM MEMORY USED: 1588.75 KB
[851.1169] [INFO] LUA VM MEMORY USED: 1588.85 KB
[861.1299] [INFO] LUA VM MEMORY USED: 1588.95 KB
[871.1333] [INFO] LUA VM MEMORY USED: 1589.05 KB
[881.1367] [INFO] LUA VM MEMORY USED: 1589.15 KB
[891.1467] [INFO] LUA VM MEMORY USED: 1589.25 KB
[901.1578] [INFO] LUA VM MEMORY USED: 1589.34 KB
[911.1675] [INFO] LUA VM MEMORY USED: 1589.44 KB
[921.1733] [INFO] LUA VM MEMORY USED: 1589.54 KB
[931.1760] [INFO] LUA VM MEMORY USED: 1589.64 KB
[941.1896] [INFO] LUA VM MEMORY USED: 1589.74 KB
[951.1951] [INFO] LUA VM MEMORY USED: 1589.84 KB
[961.1989] [INFO] LUA VM MEMORY USED: 1589.94 KB
[971.2136] [INFO] LUA VM MEMORY USED: 1590.03 KB
[981.2297] [INFO] LUA VM MEMORY USED: 1590.13 KB
[991.2325] [INFO] LUA VM MEMORY USED: 1590.23 KB
[1001.2408] [INFO] LUA VM MEMORY USED: 1590.33 KB
[1011.2519] [INFO] LUA VM MEMORY USED: 1590.43 KB
[1021.2538] [INFO] LUA VM MEMORY USED: 1590.53 KB
[1031.2620] [INFO] LUA VM MEMORY USED: 1590.63 KB
[1041.2753] [INFO] LUA VM MEMORY USED: 1590.72 KB
[1051.2789] [INFO] LUA VM MEMORY USED: 1590.82 KB
[1061.2832] [INFO] LUA VM MEMORY USED: 1590.92 KB
[1071.2990] [INFO] LUA VM MEMORY USED: 1591.02 KB
[1081.3145] [INFO] LUA VM MEMORY USED: 1591.12 KB
[1091.3165] [INFO] LUA VM MEMORY USED: 1591.22 KB
[1101.3195] [INFO] LUA VM MEMORY USED: 1591.32 KB
[1111.3225] [INFO] LUA VM MEMORY USED: 1591.42 KB
[1121.3298] [INFO] LUA VM MEMORY USED: 1591.51 KB
[1131.3439] [INFO] LUA VM MEMORY USED: 1591.61 KB
[1141.3474] [INFO] LUA VM MEMORY USED: 1591.71 KB
[1151.3474] [INFO] LUA VM MEMORY USED: 1591.81 KB
[1161.3530] [INFO] LUA VM MEMORY USED: 1591.91 KB
[1171.3667] [INFO] LUA VM MEMORY USED: 1592.01 KB
[1181.3771] [INFO] LUA VM MEMORY USED: 1592.11 KB
[1191.3859] [INFO] LUA VM MEMORY USED: 1592.20 KB
[1201.3964] [INFO] LUA VM MEMORY USED: 1592.30 KB
[1211.4089] [INFO] LUA VM MEMORY USED: 1592.40 KB
[1221.4100] [INFO] LUA VM MEMORY USED: 1592.50 KB
[1231.4182] [INFO] LUA VM MEMORY USED: 1592.60 KB
[1241.4291] [INFO] LUA VM MEMORY USED: 1592.70 KB
[1251.4399] [INFO] LUA VM MEMORY USED: 1592.80 KB
[1261.4491] [INFO] LUA VM MEMORY USED: 1592.89 KB
[1271.4509] [INFO] LUA VM MEMORY USED: 1592.99 KB
[1281.4598] [INFO] LUA VM MEMORY USED: 1593.09 KB
[1291.4635] [INFO] LUA VM MEMORY USED: 1593.19 KB
[1301.4757] [INFO] LUA VM MEMORY USED: 1593.29 KB
[1311.4919] [INFO] LUA VM MEMORY USED: 1593.39 KB
[1321.4941] [INFO] LUA VM MEMORY USED: 1593.49 KB
[1331.4968] [INFO] LUA VM MEMORY USED: 1593.58 KB
[1341.5011] [INFO] LUA VM MEMORY USED: 1593.68 KB
[1351.5176] [INFO] LUA VM MEMORY USED: 1593.78 KB
[1361.5272] [INFO] LUA VM MEMORY USED: 1593.88 KB
[1371.5305] [INFO] LUA VM MEMORY USED: 1593.98 KB
[1381.5405] [INFO] LUA VM MEMORY USED: 1594.08 KB
[1391.5419] [INFO] LUA VM MEMORY USED: 1594.18 KB
[1401.5490] [INFO] LUA VM MEMORY USED: 1594.28 KB
[1411.5652] [INFO] LUA VM MEMORY USED: 1594.37 KB
[1421.5702] [INFO] LUA VM MEMORY USED: 1594.47 KB
[1431.5735] [INFO] LUA VM MEMORY USED: 1594.57 KB
[1441.5884] [INFO] LUA VM MEMORY USED: 1594.67 KB
[1451.5961] [INFO] LUA VM MEMORY USED: 1594.77 KB
[1461.6107] [INFO] LUA VM MEMORY USED: 1594.87 KB
[1471.6259] [INFO] LUA VM MEMORY USED: 1594.97 KB
[1481.6270] [INFO] LUA VM MEMORY USED: 1595.06 KB
[1491.6294] [INFO] LUA VM MEMORY USED: 1595.16 KB
[1501.6461] [INFO] LUA VM MEMORY USED: 1595.26 KB
[1511.6539] [INFO] LUA VM MEMORY USED: 1595.36 KB
[1521.6602] [INFO] LUA VM MEMORY USED: 1595.46 KB
[1531.6694] [INFO] LUA VM MEMORY USED: 1595.56 KB
[1541.6858] [INFO] LUA VM MEMORY USED: 1595.66 KB
[1551.6895] [INFO] LUA VM MEMORY USED: 1595.75 KB
[1561.6934] [INFO] LUA VM MEMORY USED: 1595.85 KB
[1571.7019] [INFO] LUA VM MEMORY USED: 1595.95 KB
[1581.7119] [INFO] LUA VM MEMORY USED: 1596.05 KB
[1591.7203] [INFO] LUA VM MEMORY USED: 1596.15 KB
[1601.7250] [INFO] LUA VM MEMORY USED: 1596.25 KB
[1611.7404] [INFO] LUA VM MEMORY USED: 1596.35 KB
[1621.7579] [INFO] LUA VM MEMORY USED: 1596.45 KB
[1631.7665] [INFO] LUA VM MEMORY USED: 1596.54 KB
[1641.7765] [INFO] LUA VM MEMORY USED: 1596.64 KB
[1651.7825] [INFO] LUA VM MEMORY USED: 1596.74 KB
[1661.7830] [INFO] LUA VM MEMORY USED: 1596.84 KB
[1671.7863] [INFO] LUA VM MEMORY USED: 1596.94 KB
[1681.7963] [INFO] LUA VM MEMORY USED: 1597.04 KB
[1691.8055] [INFO] LUA VM MEMORY USED: 1597.14 KB
[1701.8179] [INFO] LUA VM MEMORY USED: 1597.23 KB
[1711.8290] [INFO] LUA VM MEMORY USED: 1597.33 KB
[1721.8390] [INFO] LUA VM MEMORY USED: 1597.43 KB
[1731.8402] [INFO] LUA VM MEMORY USED: 1597.53 KB
[1741.8478] [INFO] LUA VM MEMORY USED: 1597.63 KB
[1751.8496] [INFO] LUA VM MEMORY USED: 1597.73 KB
[1761.8523] [INFO] LUA VM MEMORY USED: 1597.83 KB
[1771.8611] [INFO] LUA VM MEMORY USED: 1597.92 KB
[1781.8665] [INFO] LUA VM MEMORY USED: 1598.02 KB
[1791.8713] [INFO] LUA VM MEMORY USED: 1598.12 KB
[1801.8848] [INFO] LUA VM MEMORY USED: 1598.22 KB
[1811.8910] [INFO] LUA VM MEMORY USED: 1598.32 KB
[1821.8960] [INFO] LUA VM MEMORY USED: 1598.42 KB
[1831.9092] [INFO] LUA VM MEMORY USED: 1598.52 KB
[1841.9094] [INFO] LUA VM MEMORY USED: 1598.62 KB
[1851.9120] [INFO] LUA VM MEMORY USED: 1598.71 KB
[1861.9146] [INFO] LUA VM MEMORY USED: 1598.81 KB
[1871.9161] [INFO] LUA VM MEMORY USED: 1598.91 KB
[1881.9210] [INFO] LUA VM MEMORY USED: 1599.01 KB
[1891.9221] [INFO] LUA VM MEMORY USED: 1599.11 KB
[1901.9380] [INFO] LUA VM MEMORY USED: 1599.21 KB
[1911.9430] [INFO] LUA VM MEMORY USED: 1599.31 KB
[1921.9520] [INFO] LUA VM MEMORY USED: 1599.40 KB
[1931.9653] [INFO] LUA VM MEMORY USED: 1599.50 KB
[1941.9803] [INFO] LUA VM MEMORY USED: 1599.60 KB
[1951.9883] [INFO] LUA VM MEMORY USED: 1599.70 KB
[1961.9995] [INFO] LUA VM MEMORY USED: 1599.80 KB
[1972.0016] [INFO] LUA VM MEMORY USED: 1599.90 KB
[1982.0106] [INFO] LUA VM MEMORY USED: 1600.00 KB
[1992.0142] [INFO] LUA VM MEMORY USED: 1600.09 KB
[2002.0176] [INFO] LUA VM MEMORY USED: 1600.19 KB
[2012.0211] [INFO] LUA VM MEMORY USED: 1600.29 KB
[2022.0342] [INFO] LUA VM MEMORY USED: 1600.39 KB
[2032.0483] [INFO] LUA VM MEMORY USED: 1600.49 KB
[2042.0493] [INFO] LUA VM MEMORY USED: 1600.59 KB
[2052.0510] [INFO] LUA VM MEMORY USED: 1600.69 KB
[2062.0635] [INFO] LUA VM MEMORY USED: 1600.79 KB
[2072.0745] [INFO] LUA VM MEMORY USED: 1600.88 KB
[2082.0791] [INFO] LUA VM MEMORY USED: 1600.98 KB
[2092.0918] [INFO] LUA VM MEMORY USED: 1601.08 KB
[2102.0955] [INFO] LUA VM MEMORY USED: 1601.18 KB
[2112.1040] [INFO] LUA VM MEMORY USED: 1601.28 KB
[2122.1138] [INFO] LUA VM MEMORY USED: 1601.38 KB
[2132.1155] [INFO] LUA VM MEMORY USED: 1601.48 KB
[2142.1248] [INFO] LUA VM MEMORY USED: 1601.57 KB
[2152.1267] [INFO] LUA VM MEMORY USED: 1601.67 KB
[2162.1384] [INFO] LUA VM MEMORY USED: 1601.77 KB
[2172.1460] [INFO] LUA VM MEMORY USED: 1601.87 KB
[2182.1521] [INFO] LUA VM MEMORY USED: 1601.97 KB
[2192.1594] [INFO] LUA VM MEMORY USED: 1602.07 KB
[2202.1638] [INFO] LUA VM MEMORY USED: 1602.17 KB
[2212.1653] [INFO] LUA VM MEMORY USED: 1602.26 KB
[2222.1768] [INFO] LUA VM MEMORY USED: 1602.36 KB
[2232.1851] [INFO] LUA VM MEMORY USED: 1602.46 KB
[2242.1973] [INFO] LUA VM MEMORY USED: 1602.56 KB
[2252.2129] [INFO] LUA VM MEMORY USED: 1602.66 KB
[2262.2288] [INFO] LUA VM MEMORY USED: 1602.76 KB
[2272.2334] [INFO] LUA VM MEMORY USED: 1602.86 KB
[2282.2349] [INFO] LUA VM MEMORY USED: 1602.96 KB
[2292.2388] [INFO] LUA VM MEMORY USED: 1603.05 KB
[2302.2400] [INFO] LUA VM MEMORY USED: 1603.15 KB
[2312.2417] [INFO] LUA VM MEMORY USED: 1603.25 KB
[2322.2522] [INFO] LUA VM MEMORY USED: 1603.35 KB
[2332.2581] [INFO] LUA VM MEMORY USED: 1603.45 KB
[2342.2649] [INFO] LUA VM MEMORY USED: 1603.55 KB
[2352.2737] [INFO] LUA VM MEMORY USED: 1603.65 KB
[2362.2844] [INFO] LUA VM MEMORY USED: 1603.74 KB
[2372.2852] [INFO] LUA VM MEMORY USED: 1603.84 KB
[2382.3005] [INFO] LUA VM MEMORY USED: 1603.94 KB
[2392.3040] [INFO] LUA VM MEMORY USED: 1604.04 KB
[2394.8711] [INFO] Scene "MainScene:onExit()"
[2394.8743] [INFO] ----------------------------------------
[2394.8748] [INFO] LUA VM MEMORY USED: 1604.29 KB
cocos2d: "cc_fps_images" rc=4 id=2 256 x 32 @ 16 bpp => 16 KB
cocos2d: "cc_2x2_white_image" rc=4 id=3 2 x 2 @ 32 bpp => 0 KB
cocos2d: "F:\game00\game01\res/DemoLogin/Register.png" rc=2 id=4 436 x 319 @ 32 bpp => 543 KB
cocos2d: "F:\game00\game01\res/DemoLogin/button.png" rc=3 id=5 69 x 32 @ 32 bpp => 8 KB
cocos2d: "F:\game00\game01\res/DemoLogin/button_p.png" rc=2 id=6 69 x 32 @ 32 bpp => 8 KB
cocos2d: "F:\game00\game01\res/DemoLogin/Heiti19.png" rc=8 id=7 256 x 128 @ 32 bpp => 128 KB
cocos2d: "F:\game00\game01\res/DemoLogin/star2.png" rc=2 id=8 53 x 47 @ 32 bpp => 9 KB
cocos2d: "F:\game00\game01\res/DemoLogin/Heiti10.png" rc=27 id=9 128 x 128 @ 32 bpp => 64 KB
cocos2d: "F:\game00\game01\res/DemoLogin/box.png" rc=4 id=10 21 x 21 @ 32 bpp => 1 KB
cocos2d: "F:\game00\game01\res/DemoLogin/check.png" rc=2 id=11 25 x 21 @ 32 bpp => 2 KB
cocos2d: "F:\game00\game01\res/DemoLogin/Heiti16.png" rc=26 id=12 256 x 128 @ 32 bpp => 128 KB
cocos2d: "F:\game00\game01\res/DemoLogin/Heiti18.png" rc=14 id=16 256 x 128 @ 32 bpp => 128 KB
cocos2d: "F:\game00\game01\res/DemoLogin/close1.png" rc=3 id=17 52 x 37 @ 32 bpp => 7 KB
cocos2d: "F:\game00\game01\res/DemoLogin/close2.png" rc=2 id=18 70 x 46 @ 32 bpp => 12 KB
cocos2d: CCTextureCache dumpDebugInfo: 14 textures, for 1058 KB (1.03 MB)
[2394.8865] [INFO] ----------------------------------------
